<?xml version="1.0" encoding="UTF-8"?>
<!-- Generated by org.testng.reporters.JUnitXMLReporter -->
<testsuite ignored="0" hostname="LAPTOP-KAR4A207" failures="0" tests="6" name="Default test" time="13.156" errors="0" timestamp="2024-12-30T13:46:37 IST">
  <testcase classname="api.test.DDTests" name="testPostUser" time="4.03"/>
  <testcase classname="api.test.DDTests" name="testPostUser" time="1.401"/>
  <testcase classname="api.test.DDTests" name="testPostUser" time="1.402"/>
  <testcase classname="api.test.DDTests" name="testDeleteUserByName" time="1.433"/>
  <testcase classname="api.test.DDTests" name="testDeleteUserByName" time="1.447"/>
  <testcase classname="api.test.DDTests" name="testDeleteUserByName" time="1.42"/>
</testsuite> <!-- Default test -->
