<?xml version="1.0" encoding="UTF-8"?>
<testng-results ignored="0" total="4" passed="4" failed="0" skipped="0">
  <reporter-output>
  </reporter-output>
  <suite started-at="2024-12-30T15:51:40 IST" name="PetSuite" finished-at="2024-12-30T15:51:50 IST" duration-ms="10118">
    <groups>
    </groups>
    <test started-at="2024-12-30T15:51:40 IST" name="PetTest" finished-at="2024-12-30T15:51:50 IST" duration-ms="10118">
      <class name="api.test.UserTests2">
        <test-method is-config="true" signature="setup()[pri:0, instance:api.test.UserTests2@3ba987b8]" started-at="2024-12-30T15:51:41 IST" name="setup" finished-at="2024-12-30T15:51:41 IST" duration-ms="657" status="PASS">
          <reporter-output>
          </reporter-output>
        </test-method> <!-- setup -->
        <test-method signature="testPostUser()[pri:1, instance:api.test.UserTests2@3ba987b8]" started-at="2024-12-30T15:51:41 IST" name="testPostUser" finished-at="2024-12-30T15:51:45 IST" duration-ms="3810" status="PASS">
          <reporter-output>
          </reporter-output>
        </test-method> <!-- testPostUser -->
        <test-method signature="testGetUserByName()[pri:2, instance:api.test.UserTests2@3ba987b8]" started-at="2024-12-30T15:51:45 IST" name="testGetUserByName" finished-at="2024-12-30T15:51:46 IST" duration-ms="1308" status="PASS">
          <reporter-output>
          </reporter-output>
        </test-method> <!-- testGetUserByName -->
        <test-method signature="testUpdateUserByName()[pri:3, instance:api.test.UserTests2@3ba987b8]" started-at="2024-12-30T15:51:46 IST" name="testUpdateUserByName" finished-at="2024-12-30T15:51:49 IST" duration-ms="2590" status="PASS">
          <reporter-output>
          </reporter-output>
        </test-method> <!-- testUpdateUserByName -->
        <test-method signature="deleteUserByName()[pri:4, instance:api.test.UserTests2@3ba987b8]" started-at="2024-12-30T15:51:49 IST" name="deleteUserByName" finished-at="2024-12-30T15:51:50 IST" duration-ms="1287" status="PASS">
          <reporter-output>
          </reporter-output>
        </test-method> <!-- deleteUserByName -->
      </class> <!-- api.test.UserTests2 -->
    </test> <!-- PetTest -->
  </suite> <!-- PetSuite -->
</testng-results>
