<?xml version="1.0" encoding="UTF-8"?>
<!-- Generated by org.testng.reporters.JUnitXMLReporter -->
<testsuite ignored="0" hostname="LAPTOP-KAR4A207" failures="0" tests="4" name="PetTest" time="10.118" errors="0" timestamp="2024-12-30T15:51:51 IST">
  <testcase classname="api.test.UserTests2" name="testPostUser" time="3.81"/>
  <testcase classname="api.test.UserTests2" name="testGetUserByName" time="1.308"/>
  <testcase classname="api.test.UserTests2" name="testUpdateUserByName" time="2.59"/>
  <testcase classname="api.test.UserTests2" name="deleteUserByName" time="1.287"/>
</testsuite> <!-- PetTest -->
